<?xml version="1.0" encoding="UTF-8" standalone="no"?>
<fileLog>
<createdFiles>
<entry name="jre\legal\jdk.security.jgss\ADDITIONAL_LICENSE_INFO" shared="false" uninstallMode="3"/>
<entry name="jre\legal\jdk.internal.jvmstat\ADDITIONAL_LICENSE_INFO" shared="false" uninstallMode="3"/>
<entry name="jre\legal\jdk.management.agent\ASSEMBLY_EXCEPTION" shared="false" uninstallMode="3"/>
<entry name="jre\legal\jdk.naming.dns\ASSEMBLY_EXCEPTION" shared="false" uninstallMode="3"/>
<entry name="jre\legal\jdk.localedata\thaidict.md" shared="false" uninstallMode="3"/>
<entry name="commons-lang3-3.12.0.jar" shared="false" uninstallMode="0"/>
<entry name="jre\bin\api-ms-win-core-profile-l1-1-0.dll" shared="false" uninstallMode="3"/>
<entry name="grpc-context-1.22.1.jar" shared="false" uninstallMode="0"/>
<entry name="jre\bin\api-ms-win-core-processthreads-l1-1-0.dll" shared="false" uninstallMode="3"/>
<entry name="jre\legal\java.prefs\ASSEMBLY_EXCEPTION" shared="false" uninstallMode="3"/>
<entry name="jre\legal\jdk.naming.rmi\ADDITIONAL_LICENSE_INFO" shared="false" uninstallMode="3"/>
<entry name="jre\legal\jdk.internal.le\LICENSE" shared="false" uninstallMode="3"/>
<entry name="jre\lib\fontconfig.bfc" shared="false" uninstallMode="3"/>
<entry name="third-party-components.txt" shared="false" uninstallMode="0"/>
<entry name="javafx-swing-17.0.2.jar" shared="false" uninstallMode="0"/>
<entry name=".install4j\i4j_extf_11_1l086o8_259ij1.png" shared="false" uninstallMode="2"/>
<entry name="jre\legal\java.datatransfer\LICENSE" shared="false" uninstallMode="3"/>
<entry name="opencensus-api-0.24.0.jar" shared="false" uninstallMode="0"/>
<entry name="curvesapi-1.07.jar" shared="false" uninstallMode="0"/>
<entry name="jre\legal\jdk.management.agent\ADDITIONAL_LICENSE_INFO" shared="false" uninstallMode="3"/>
<entry name="jre\bin\api-ms-win-core-errorhandling-l1-1-0.dll" shared="false" uninstallMode="3"/>
<entry name="jre\legal\jdk.management\LICENSE" shared="false" uninstallMode="3"/>
<entry name="bson-4.7.2_3t.2023.03.10.1323.jar" shared="false" uninstallMode="0"/>
<entry name="C:\ProgramData\Microsoft\Windows\Start Menu\Programs\Studio 3T\Studio 3T.lnk" shared="false" uninstallMode="2"/>
<entry name="org.eclipse.equinox.app-1.7.0.v20240213-1427_3T20240319-180000.jar" shared="false" uninstallMode="0"/>
<entry name="jre\legal\java.naming\LICENSE" shared="false" uninstallMode="3"/>
<entry name="opencensus-contrib-http-util-0.24.0.jar" shared="false" uninstallMode="0"/>
<entry name="jre\bin\api-ms-win-crt-process-l1-1-0.dll" shared="false" uninstallMode="3"/>
<entry name="commons-beanutils-1.9.4.jar" shared="false" uninstallMode="0"/>
<entry name="commons-collections4-4.4.jar" shared="false" uninstallMode="0"/>
<entry name="org.eclipse.jface-3.33.0.v20240214-1640_3T20240319-180000.jar" shared="false" uninstallMode="0"/>
<entry name="jre\legal\java.rmi\ASSEMBLY_EXCEPTION" shared="false" uninstallMode="3"/>
<entry name="jre\legal\jdk.sctp\ASSEMBLY_EXCEPTION" shared="false" uninstallMode="3"/>
<entry name=".install4j\installation.log" shared="false" uninstallMode="0"/>
<entry name="jre\legal\jdk.zipfs\ADDITIONAL_LICENSE_INFO" shared="false" uninstallMode="3"/>
<entry name="javafx-controls-17.0.2-win.jar" shared="false" uninstallMode="0"/>
<entry name="jre\legal\java.base\public_suffix.md" shared="false" uninstallMode="3"/>
<entry name="poi-ooxml-5.2.2.jar" shared="false" uninstallMode="0"/>
<entry name="jre\bin\api-ms-win-core-localization-l1-2-0.dll" shared="false" uninstallMode="3"/>
<entry name="jre\bin\api-ms-win-core-util-l1-1-0.dll" shared="false" uninstallMode="3"/>
<entry name="service-0.12.0.jar" shared="false" uninstallMode="0"/>
<entry name="org.eclipse.core.jobs-3.15.200.v20231214-1526_3T20240319-180000.jar" shared="false" uninstallMode="0"/>
<entry name="jre\bin\dt_socket.dll" shared="false" uninstallMode="3"/>
<entry name="checker-qual-3.12.0.jar" shared="false" uninstallMode="0"/>
<entry name="jre\legal\jdk.internal.vm.ci\ADDITIONAL_LICENSE_INFO" shared="false" uninstallMode="3"/>
<entry name="jre\bin\api-ms-win-core-synch-l1-2-0.dll" shared="false" uninstallMode="3"/>
<entry name="commons-collections-3.2.2.jar" shared="false" uninstallMode="0"/>
<entry name="org.eclipse.core.commands-3.12.0.v20240214-1640_3T20240319-180000.jar" shared="false" uninstallMode="0"/>
<entry name="jre\include\jvmti.h" shared="false" uninstallMode="3"/>
<entry name="jre\conf\security\policy\unlimited\default_local.policy" shared="false" uninstallMode="3"/>
<entry name="jre\legal\jdk.localedata\LICENSE" shared="false" uninstallMode="3"/>
<entry name="jre\bin\api-ms-win-core-console-l1-1-0.dll" shared="false" uninstallMode="3"/>
<entry name="jre\legal\java.management.rmi\ASSEMBLY_EXCEPTION" shared="false" uninstallMode="3"/>
<entry name="jre\legal\java.base\asm.md" shared="false" uninstallMode="3"/>
<entry name="jre\lib\sparc\client\classes.jsa" shared="false" uninstallMode="0"/>
<entry name="jre\bin\j2pcsc.dll" shared="false" uninstallMode="3"/>
<entry name="jre\legal\java.base\wepoll.md" shared="false" uninstallMode="3"/>
<entry name="uninstall.exe" shared="false" uninstallMode="0"/>
<entry name="jre\conf\sound.properties" shared="false" uninstallMode="3"/>
<entry name="jetty-servlet-11.0.15.jar" shared="false" uninstallMode="0"/>
<entry name="jre\legal\java.compiler\LICENSE" shared="false" uninstallMode="3"/>
<entry name="jre\legal\java.security.sasl\ASSEMBLY_EXCEPTION" shared="false" uninstallMode="3"/>
<entry name="jre\legal\jdk.naming.dns\ADDITIONAL_LICENSE_INFO" shared="false" uninstallMode="3"/>
<entry name="jre\bin\jrunscript.exe" shared="false" uninstallMode="3"/>
<entry name="graal-sdk-21.3.0.jar" shared="false" uninstallMode="0"/>
<entry name="poi-ooxml-lite-5.2.2.jar" shared="false" uninstallMode="0"/>
<entry name="jna-platform-5.11.0.jar" shared="false" uninstallMode="0"/>
<entry name="jre\legal\java.transaction.xa\LICENSE" shared="false" uninstallMode="3"/>
<entry name="jre\bin\api-ms-win-core-processthreads-l1-1-1.dll" shared="false" uninstallMode="3"/>
<entry name="jre\bin\jaas.dll" shared="false" uninstallMode="3"/>
<entry name="jre\bin\client\classes.jsa" shared="false" uninstallMode="0"/>
<entry name="jre\lib\sparc\server\classes.jsa" shared="false" uninstallMode="0"/>
<entry name="jre\conf\security\java.policy" shared="false" uninstallMode="3"/>
<entry name="jre\bin\api-ms-win-core-synch-l1-1-0.dll" shared="false" uninstallMode="3"/>
<entry name="jre\legal\java.management\ASSEMBLY_EXCEPTION" shared="false" uninstallMode="3"/>
<entry name="org.eclipse.core.runtime-3.31.0.v20240215-1631_3T20240319-180000.jar" shared="false" uninstallMode="0"/>
<entry name=".install4j\i4j_extf_2_1l086o8_703o14.png" shared="false" uninstallMode="2"/>
<entry name="ipaddress-5.3.3.jar" shared="false" uninstallMode="0"/>
<entry name=".install4j\installer.ico" shared="false" uninstallMode="2"/>
<entry name=".install4j\i4jdel.exe" shared="false" uninstallMode="0"/>
<entry name="jre\legal\jdk.management.jfr\ADDITIONAL_LICENSE_INFO" shared="false" uninstallMode="3"/>
<entry name="jre\bin\api-ms-win-crt-convert-l1-1-0.dll" shared="false" uninstallMode="3"/>
<entry name=".install4j\i4j_extf_9_1l086o8_un9apv.png" shared="false" uninstallMode="2"/>
<entry name="jre\bin\api-ms-win-core-console-l1-2-0.dll" shared="false" uninstallMode="3"/>
<entry name="jre\bin\api-ms-win-crt-environment-l1-1-0.dll" shared="false" uninstallMode="3"/>
<entry name="driver-legacy-4.7.2_3t.2023.03.10.1323.jar" shared="false" uninstallMode="0"/>
<entry name="jetty-io-11.0.15.jar" shared="false" uninstallMode="0"/>
<entry name="data-man-mongodb-ent-2024.3.0.jar" shared="false" uninstallMode="0"/>
<entry name="jre\bin\javajpeg.dll" shared="false" uninstallMode="3"/>
<entry name="jre\bin\zip.dll" shared="false" uninstallMode="3"/>
<entry name="xmlpull-1.1.3.1.jar" shared="false" uninstallMode="0"/>
<entry name="jre\bin\javaaccessbridge.dll" shared="false" uninstallMode="3"/>
<entry name="xmlbeans-5.0.3.jar" shared="false" uninstallMode="0"/>
<entry name="jre\bin\ktab.exe" shared="false" uninstallMode="3"/>
<entry name="jre\release" shared="false" uninstallMode="3"/>
<entry name="org.eclipse.equinox.common-3.19.0.v20240214-0846_3T20240319-180000.jar" shared="false" uninstallMode="0"/>
<entry name="jre\legal\jdk.management.agent\LICENSE" shared="false" uninstallMode="3"/>
<entry name="jre\legal\java.net.http\ASSEMBLY_EXCEPTION" shared="false" uninstallMode="3"/>
<entry name="jre\legal\jdk.charsets\LICENSE" shared="false" uninstallMode="3"/>
<entry name="jre\legal\jdk.crypto.ec\ASSEMBLY_EXCEPTION" shared="false" uninstallMode="3"/>
<entry name=".install4j\i4j_extf_3_1l086o8_215446.png" shared="false" uninstallMode="2"/>
<entry name="jre\legal\java.base\icu.md" shared="false" uninstallMode="3"/>
<entry name="jre\bin\api-ms-win-crt-string-l1-1-0.dll" shared="false" uninstallMode="3"/>
<entry name="jre\legal\jdk.httpserver\ASSEMBLY_EXCEPTION" shared="false" uninstallMode="3"/>
<entry name="jre\legal\jdk.security.auth\ASSEMBLY_EXCEPTION" shared="false" uninstallMode="3"/>
<entry name="jre\bin\rmiregistry.exe" shared="false" uninstallMode="3"/>
<entry name="bcprov-jdk18on-1.75.jar" shared="false" uninstallMode="0"/>
<entry name=".install4j\i4j_extf_13_1l086o8_1czh6f7.png" shared="false" uninstallMode="2"/>
<entry name="jre\legal\jdk.jfr\ADDITIONAL_LICENSE_INFO" shared="false" uninstallMode="3"/>
<entry name="jre\include\jvmticmlr.h" shared="false" uninstallMode="3"/>
<entry name="commons-net-3.6.jar" shared="false" uninstallMode="0"/>
<entry name="jre\legal\java.xml\ASSEMBLY_EXCEPTION" shared="false" uninstallMode="3"/>
<entry name="jre\conf\management\management.properties" shared="false" uninstallMode="3"/>
<entry name="jre\bin\api-ms-win-core-fibers-l1-1-0.dll" shared="false" uninstallMode="3"/>
<entry name="adapter-rxjava2-2.9.0.jar" shared="false" uninstallMode="0"/>
<entry name="jre\legal\jdk.internal.vm.ci\LICENSE" shared="false" uninstallMode="3"/>
<entry name="jre\legal\jdk.internal.vm.compiler\LICENSE" shared="false" uninstallMode="3"/>
<entry name=".install4j\i4j_extf_0_1l086o8.utf8" shared="false" uninstallMode="2"/>
<entry name="javafx-controls-17.0.2.jar" shared="false" uninstallMode="0"/>
<entry name="jre\lib\tzmappings" shared="false" uninstallMode="3"/>
<entry name="jre\bin\api-ms-win-core-file-l1-2-0.dll" shared="false" uninstallMode="3"/>
<entry name="spring-web-6.0.9.jar" shared="false" uninstallMode="0"/>
<entry name="jre\bin\prefs.dll" shared="false" uninstallMode="3"/>
<entry name="Studio 3T.exe" shared="false" uninstallMode="0"/>
<entry name="jre\legal\java.se\ADDITIONAL_LICENSE_INFO" shared="false" uninstallMode="3"/>
<entry name="jre\conf\security\java.security" shared="false" uninstallMode="3"/>
<entry name="org.eclipse.text-3.14.0.v20240207-1054_3T20240319-180000.jar" shared="false" uninstallMode="0"/>
<entry name="jre\legal\jdk.internal.vm.compiler.management\ASSEMBLY_EXCEPTION" shared="false" uninstallMode="3"/>
<entry name="jre\legal\jdk.internal.le\jline.md" shared="false" uninstallMode="3"/>
<entry name="jre\legal\jdk.unsupported.desktop\ADDITIONAL_LICENSE_INFO" shared="false" uninstallMode="3"/>
<entry name="jre\legal\java.xml\xerces.md" shared="false" uninstallMode="3"/>
<entry name="jackson-databind-2.15.0.jar" shared="false" uninstallMode="0"/>
<entry name="txtmark-0.16.jar" shared="false" uninstallMode="0"/>
<entry name="asn-one-0.6.0.jar" shared="false" uninstallMode="0"/>
<entry name="jre\legal\jdk.crypto.ec\LICENSE" shared="false" uninstallMode="3"/>
<entry name="j2objc-annotations-1.3.jar" shared="false" uninstallMode="0"/>
<entry name="jre\legal\java.sql\LICENSE" shared="false" uninstallMode="3"/>
<entry name="jre\legal\jdk.charsets\ADDITIONAL_LICENSE_INFO" shared="false" uninstallMode="3"/>
<entry name=".install4j\i4j_extf_13_1l086o8_1czh6f7@2x.png" shared="false" uninstallMode="2"/>
<entry name="jre\legal\jdk.localedata\cldr.md" shared="false" uninstallMode="3"/>
<entry name="javassist-3.28.0-GA.jar" shared="false" uninstallMode="0"/>
<entry name="jre\lib\amd64\client\classes.jsa" shared="false" uninstallMode="0"/>
<entry name=".install4j\stats.properties" shared="false" uninstallMode="2"/>
<entry name="jre\bin\vcruntime140.dll" shared="false" uninstallMode="3"/>
<entry name="jre\bin\jaccesswalker.exe" shared="false" uninstallMode="3"/>
<entry name="jre\legal\java.desktop\freetype.md" shared="false" uninstallMode="3"/>
<entry name="poi-5.2.2.jar" shared="false" uninstallMode="0"/>
<entry name="mxparser-1.2.2.jar" shared="false" uninstallMode="0"/>
<entry name="jre\bin\klist.exe" shared="false" uninstallMode="3"/>
<entry name="jre\bin\java.dll" shared="false" uninstallMode="3"/>
<entry name="jre\legal\java.desktop\ADDITIONAL_LICENSE_INFO" shared="false" uninstallMode="3"/>
<entry name=".install4j\i4jparams.conf" shared="false" uninstallMode="2"/>
<entry name="jre\legal\java.xml\ADDITIONAL_LICENSE_INFO" shared="false" uninstallMode="3"/>
<entry name="jre\bin\server\jvm.dll" shared="false" uninstallMode="3"/>
<entry name="jre\bin\w2k_lsa_auth.dll" shared="false" uninstallMode="3"/>
<entry name="micrometer-observation-1.10.7.jar" shared="false" uninstallMode="0"/>
<entry name="jre\legal\jdk.zipfs\ASSEMBLY_EXCEPTION" shared="false" uninstallMode="3"/>
<entry name="jetty-server-11.0.15.jar" shared="false" uninstallMode="0"/>
<entry name="jre\legal\jdk.crypto.mscapi\LICENSE" shared="false" uninstallMode="3"/>
<entry name="jetty-alpn-client-11.0.15.jar" shared="false" uninstallMode="0"/>
<entry name="jetty-util-11.0.15.jar" shared="false" uninstallMode="0"/>
<entry name="jre\lib\jfr\profile.jfc" shared="false" uninstallMode="3"/>
<entry name="truffle-api-21.3.0.jar" shared="false" uninstallMode="0"/>
<entry name="commons-csv-1.2.jar" shared="false" uninstallMode="0"/>
<entry name="jre\legal\jdk.net\LICENSE" shared="false" uninstallMode="3"/>
<entry name="jre\legal\java.base\ADDITIONAL_LICENSE_INFO" shared="false" uninstallMode="3"/>
<entry name="okhttp-3.14.9.jar" shared="false" uninstallMode="0"/>
<entry name="jre\legal\jdk.management\ADDITIONAL_LICENSE_INFO" shared="false" uninstallMode="3"/>
<entry name="jre\legal\jdk.jfr\LICENSE" shared="false" uninstallMode="3"/>
<entry name=".install4j\i4jinst.dll" shared="false" uninstallMode="0"/>
<entry name="gson-2.7.jar" shared="false" uninstallMode="0"/>
<entry name="jre\legal\java.desktop\jpeg.md" shared="false" uninstallMode="3"/>
<entry name=".install4j\pref_jre.cfg" shared="false" uninstallMode="0"/>
<entry name="jre\conf\logging.properties" shared="false" uninstallMode="3"/>
<entry name="jre\legal\jdk.crypto.mscapi\ASSEMBLY_EXCEPTION" shared="false" uninstallMode="3"/>
<entry name="jre\legal\jdk.accessibility\ADDITIONAL_LICENSE_INFO" shared="false" uninstallMode="3"/>
<entry name="sqlite-jdbc-3.42.0.0.jar" shared="false" uninstallMode="0"/>
<entry name="org.osgi.service.event-1.4.1.202109301733_3T20240319-180000.jar" shared="false" uninstallMode="0"/>
<entry name="spring-jcl-6.0.9.jar" shared="false" uninstallMode="0"/>
<entry name="jre\legal\java.desktop\mesa3d.md" shared="false" uninstallMode="3"/>
<entry name="slf4j-api-2.0.7.jar" shared="false" uninstallMode="0"/>
<entry name="jre\legal\jdk.dynalink\ASSEMBLY_EXCEPTION" shared="false" uninstallMode="3"/>
<entry name="jre\legal\java.management\LICENSE" shared="false" uninstallMode="3"/>
<entry name="jre\legal\java.sql.rowset\ASSEMBLY_EXCEPTION" shared="false" uninstallMode="3"/>
<entry name="jre\legal\jdk.unsupported\ASSEMBLY_EXCEPTION" shared="false" uninstallMode="3"/>
<entry name="jre\bin\api-ms-win-core-datetime-l1-1-0.dll" shared="false" uninstallMode="3"/>
<entry name="t3-bundled-tools-2.jar" shared="false" uninstallMode="0"/>
<entry name=".install4j\install.prop" shared="false" uninstallMode="0"/>
<entry name="jre\bin\jawt.dll" shared="false" uninstallMode="3"/>
<entry name="jetty-client-11.0.15.jar" shared="false" uninstallMode="0"/>
<entry name="jre\legal\java.transaction.xa\ASSEMBLY_EXCEPTION" shared="false" uninstallMode="3"/>
<entry name="jre\legal\jdk.sctp\ADDITIONAL_LICENSE_INFO" shared="false" uninstallMode="3"/>
<entry name="jre\legal\jdk.internal.ed\ADDITIONAL_LICENSE_INFO" shared="false" uninstallMode="3"/>
<entry name="javafx-graphics-17.0.2-win.jar" shared="false" uninstallMode="0"/>
<entry name="jre\legal\jdk.naming.rmi\LICENSE" shared="false" uninstallMode="3"/>
<entry name="jre\bin\management_ext.dll" shared="false" uninstallMode="3"/>
<entry name="jre\legal\jdk.httpserver\ADDITIONAL_LICENSE_INFO" shared="false" uninstallMode="3"/>
<entry name="jre\conf\management\jmxremote.access" shared="false" uninstallMode="3"/>
<entry name="jre\conf\security\policy\limited\default_US_export.policy" shared="false" uninstallMode="3"/>
<entry name="jre\legal\java.datatransfer\ASSEMBLY_EXCEPTION" shared="false" uninstallMode="3"/>
<entry name="jre\bin\server\classes.jsa" shared="false" uninstallMode="0"/>
<entry name="jre\bin\sunmscapi.dll" shared="false" uninstallMode="3"/>
<entry name="jre\legal\jdk.sctp\LICENSE" shared="false" uninstallMode="3"/>
<entry name="commons-digester-2.1.jar" shared="false" uninstallMode="0"/>
<entry name="jre\bin\rmi.dll" shared="false" uninstallMode="3"/>
<entry name="jre\legal\jdk.crypto.mscapi\ADDITIONAL_LICENSE_INFO" shared="false" uninstallMode="3"/>
<entry name="jre\legal\jdk.security.auth\LICENSE" shared="false" uninstallMode="3"/>
<entry name="jre\bin\api-ms-win-crt-math-l1-1-0.dll" shared="false" uninstallMode="3"/>
<entry name="jre\lib\jvm.lib" shared="false" uninstallMode="3"/>
<entry name="jre\lib\psfont.properties.ja" shared="false" uninstallMode="3"/>
<entry name="jre\bin\api-ms-win-core-interlocked-l1-1-0.dll" shared="false" uninstallMode="3"/>
<entry name="jre\legal\jdk.management.jfr\LICENSE" shared="false" uninstallMode="3"/>
<entry name="Studio 3T.vmoptions" shared="false" uninstallMode="3"/>
<entry name="rxjava-2.0.0.jar" shared="false" uninstallMode="0"/>
<entry name="jre\include\classfile_constants.h" shared="false" uninstallMode="3"/>
<entry name="jre\include\win32\bridge\AccessBridgeCalls.h" shared="false" uninstallMode="3"/>
<entry name=".install4j\user\uninstall-previous.ps1" shared="false" uninstallMode="2"/>
<entry name="jre\bin\management_agent.dll" shared="false" uninstallMode="3"/>
<entry name="jre\bin\sspi_bridge.dll" shared="false" uninstallMode="3"/>
<entry name="spring-beans-6.0.9.jar" shared="false" uninstallMode="0"/>
<entry name="jre\legal\java.xml.crypto\santuario.md" shared="false" uninstallMode="3"/>
<entry name=".install4j\i4j_extf_8_1l086o8_vd2dea.png" shared="false" uninstallMode="2"/>
<entry name="jre\legal\java.xml.crypto\ADDITIONAL_LICENSE_INFO" shared="false" uninstallMode="3"/>
<entry name="jre\legal\jdk.unsupported.desktop\ASSEMBLY_EXCEPTION" shared="false" uninstallMode="3"/>
<entry name="jre\bin\instrument.dll" shared="false" uninstallMode="3"/>
<entry name="jre\legal\jdk.net\ASSEMBLY_EXCEPTION" shared="false" uninstallMode="3"/>
<entry name="reactive-streams-1.0.4.jar" shared="false" uninstallMode="0"/>
<entry name="mssql-jdbc-10.2.0.jre11.jar" shared="false" uninstallMode="0"/>
<entry name="SparseBitSet-1.2.jar" shared="false" uninstallMode="0"/>
<entry name="jre\bin\api-ms-win-core-debug-l1-1-0.dll" shared="false" uninstallMode="3"/>
<entry name="jre\legal\java.base\c-libutl.md" shared="false" uninstallMode="3"/>
<entry name="jre\bin\jaccessinspector.exe" shared="false" uninstallMode="3"/>
<entry name="regex-21.3.0.jar" shared="false" uninstallMode="0"/>
<entry name="jre\include\win32\bridge\AccessBridgeCallbacks.h" shared="false" uninstallMode="3"/>
<entry name="jre\legal\jdk.internal.vm.compiler\ADDITIONAL_LICENSE_INFO" shared="false" uninstallMode="3"/>
<entry name="jre\legal\java.desktop\giflib.md" shared="false" uninstallMode="3"/>
<entry name="jre\lib\jawt.lib" shared="false" uninstallMode="3"/>
<entry name="jre\conf\security\policy\unlimited\default_US_export.policy" shared="false" uninstallMode="3"/>
<entry name="jre\legal\jdk.xml.dom\ADDITIONAL_LICENSE_INFO" shared="false" uninstallMode="3"/>
<entry name="jre\legal\java.scripting\LICENSE" shared="false" uninstallMode="3"/>
<entry name="bcpkix-jdk18on-1.75.jar" shared="false" uninstallMode="0"/>
<entry name="jre\bin\api-ms-win-core-heap-l1-1-0.dll" shared="false" uninstallMode="3"/>
<entry name="javafx-base-17.0.2.jar" shared="false" uninstallMode="0"/>
<entry name="jre\lib\security\default.policy" shared="false" uninstallMode="3"/>
<entry name="jre\bin\api-ms-win-crt-private-l1-1-0.dll" shared="false" uninstallMode="3"/>
<entry name="jre\legal\jdk.naming.rmi\ASSEMBLY_EXCEPTION" shared="false" uninstallMode="3"/>
<entry name="jre\include\win32\jawt_md.h" shared="false" uninstallMode="3"/>
<entry name="javafx-graphics-17.0.2.jar" shared="false" uninstallMode="0"/>
<entry name="jre\legal\jdk.unsupported\ADDITIONAL_LICENSE_INFO" shared="false" uninstallMode="3"/>
<entry name=".install4j\i4j_extf_12_1l086o8_8hsri6@2x.png" shared="false" uninstallMode="2"/>
<entry name="jre\bin\api-ms-win-core-timezone-l1-1-0.dll" shared="false" uninstallMode="3"/>
<entry name="jre\legal\jdk.xml.dom\ASSEMBLY_EXCEPTION" shared="false" uninstallMode="3"/>
<entry name="jre\legal\java.security.jgss\ADDITIONAL_LICENSE_INFO" shared="false" uninstallMode="3"/>
<entry name="jre\legal\jdk.accessibility\LICENSE" shared="false" uninstallMode="3"/>
<entry name="jsr305-3.0.2.jar" shared="false" uninstallMode="0"/>
<entry name="org.eclipse.equinox.registry-3.12.0.v20240213-1057_3T20240319-180000.jar" shared="false" uninstallMode="0"/>
<entry name="jre\legal\jdk.dynalink\LICENSE" shared="false" uninstallMode="3"/>
<entry name="jre\legal\java.xml.crypto\ASSEMBLY_EXCEPTION" shared="false" uninstallMode="3"/>
<entry name="jre\legal\java.naming\ADDITIONAL_LICENSE_INFO" shared="false" uninstallMode="3"/>
<entry name="jre\legal\java.xml\LICENSE" shared="false" uninstallMode="3"/>
<entry name="jre\legal\jdk.management.jfr\ASSEMBLY_EXCEPTION" shared="false" uninstallMode="3"/>
<entry name="commons-math3-3.6.1.jar" shared="false" uninstallMode="0"/>
<entry name="jre\bin\jfr.exe" shared="false" uninstallMode="3"/>
<entry name="mariadb-java-client-2.5.2.jar" shared="false" uninstallMode="0"/>
<entry name=".install4j\user\flatlaf.jar" shared="false" uninstallMode="2"/>
<entry name="jre\bin\api-ms-win-crt-time-l1-1-0.dll" shared="false" uninstallMode="3"/>
<entry name="org.eclipse.equinox.preferences-3.11.0.v20240210-0844_3T20240319-180000.jar" shared="false" uninstallMode="0"/>
<entry name="org.eclipse.osgi-3.19.0.v20240213-1246_3T20240319-180000.jar" shared="false" uninstallMode="0"/>
<entry name="jre\legal\jdk.internal.ed\ASSEMBLY_EXCEPTION" shared="false" uninstallMode="3"/>
<entry name="jre\legal\java.security.sasl\LICENSE" shared="false" uninstallMode="3"/>
<entry name="jre\legal\java.transaction.xa\ADDITIONAL_LICENSE_INFO" shared="false" uninstallMode="3"/>
<entry name="client-0.12.0.jar" shared="false" uninstallMode="0"/>
<entry name="error_prone_annotations-2.11.0.jar" shared="false" uninstallMode="0"/>
<entry name="jre\lib\security\cacerts" shared="false" uninstallMode="3"/>
<entry name="jre\bin\api-ms-win-crt-stdio-l1-1-0.dll" shared="false" uninstallMode="3"/>
<entry name="jre\legal\jdk.crypto.cryptoki\ASSEMBLY_EXCEPTION" shared="false" uninstallMode="3"/>
<entry name="jre\legal\java.datatransfer\ADDITIONAL_LICENSE_INFO" shared="false" uninstallMode="3"/>
<entry name="commons-compress-1.21.jar" shared="false" uninstallMode="0"/>
<entry name=".install4j\autoUninstall.1" shared="false" uninstallMode="0"/>
<entry name="jre\legal\java.management.rmi\LICENSE" shared="false" uninstallMode="3"/>
<entry name="jre\legal\jdk.jsobject\ADDITIONAL_LICENSE_INFO" shared="false" uninstallMode="3"/>
<entry name="spring-webflux-6.0.9.jar" shared="false" uninstallMode="0"/>
<entry name="guava-31.1-jre.jar" shared="false" uninstallMode="0"/>
<entry name="javafx-swing-17.0.2-win.jar" shared="false" uninstallMode="0"/>
<entry name="jre\legal\java.base\cldr.md" shared="false" uninstallMode="3"/>
<entry name="jre\bin\nio.dll" shared="false" uninstallMode="3"/>
<entry name="sshj-0.37.0.jar" shared="false" uninstallMode="0"/>
<entry name="jre\legal\java.rmi\LICENSE" shared="false" uninstallMode="3"/>
<entry name="jre\legal\java.smartcardio\ASSEMBLY_EXCEPTION" shared="false" uninstallMode="3"/>
<entry name="jre\conf\net.properties" shared="false" uninstallMode="3"/>
<entry name="jre\legal\jdk.crypto.cryptoki\LICENSE" shared="false" uninstallMode="3"/>
<entry name="jre\bin\java.exe" shared="false" uninstallMode="3"/>
<entry name="jre\lib\i386\client\classes.jsa" shared="false" uninstallMode="0"/>
<entry name="jre\legal\java.security.jgss\ASSEMBLY_EXCEPTION" shared="false" uninstallMode="3"/>
<entry name="jre\include\jdwpTransport.h" shared="false" uninstallMode="3"/>
<entry name="jre\legal\jdk.internal.vm.compiler\ASSEMBLY_EXCEPTION" shared="false" uninstallMode="3"/>
<entry name="jre\legal\jdk.jfr\ASSEMBLY_EXCEPTION" shared="false" uninstallMode="3"/>
<entry name="jre\bin\api-ms-win-core-handle-l1-1-0.dll" shared="false" uninstallMode="3"/>
<entry name="jre\bin\api-ms-win-crt-heap-l1-1-0.dll" shared="false" uninstallMode="3"/>
<entry name=".install4j\i4j_extf_1_1l086o8_703o14.png" shared="false" uninstallMode="2"/>
<entry name="jre\bin\api-ms-win-crt-filesystem-l1-1-0.dll" shared="false" uninstallMode="3"/>
<entry name="jre\bin\api-ms-win-core-libraryloader-l1-1-0.dll" shared="false" uninstallMode="3"/>
<entry name="jre\legal\jdk.jsobject\ASSEMBLY_EXCEPTION" shared="false" uninstallMode="3"/>
<entry name="jre\bin\splashscreen.dll" shared="false" uninstallMode="3"/>
<entry name="jre\conf\security\policy\limited\exempt_local.policy" shared="false" uninstallMode="3"/>
<entry name="commons-codec-1.15.jar" shared="false" uninstallMode="0"/>
<entry name="diffutils-1.3.0.jar" shared="false" uninstallMode="0"/>
<entry name="jre\bin\api-ms-win-core-memory-l1-1-0.dll" shared="false" uninstallMode="3"/>
<entry name="C:\Users\Public\Desktop\Studio 3T.lnk" shared="false" uninstallMode="2"/>
<entry name="jre\bin\kinit.exe" shared="false" uninstallMode="3"/>
<entry name="jre\bin\mlib_image.dll" shared="false" uninstallMode="3"/>
<entry name="bson-record-codec-4.7.2_3t.2023.03.10.1323.jar" shared="false" uninstallMode="0"/>
<entry name=".install4j\i4j_extf_4_1l086o8_1a3o56s.png" shared="false" uninstallMode="2"/>
<entry name="jre\legal\java.desktop\ASSEMBLY_EXCEPTION" shared="false" uninstallMode="3"/>
<entry name="jre\lib\jrt-fs.jar" shared="false" uninstallMode="3"/>
<entry name="jre\lib\security\blocked.certs" shared="false" uninstallMode="3"/>
<entry name="com.ibm.icu-74.2.0_3T20240319-180000.jar" shared="false" uninstallMode="0"/>
<entry name="jre\legal\java.xml.crypto\LICENSE" shared="false" uninstallMode="3"/>
<entry name="failureaccess-1.0.1.jar" shared="false" uninstallMode="0"/>
<entry name="jre\bin\jabswitch.exe" shared="false" uninstallMode="3"/>
<entry name="jre\bin\windowsaccessbridge-64.dll" shared="false" uninstallMode="3"/>
<entry name="jre\legal\java.sql.rowset\ADDITIONAL_LICENSE_INFO" shared="false" uninstallMode="3"/>
<entry name="jre\legal\java.base\LICENSE" shared="false" uninstallMode="3"/>
<entry name="jre\bin\api-ms-win-core-file-l2-1-0.dll" shared="false" uninstallMode="3"/>
<entry name="jre\legal\jdk.crypto.cryptoki\pkcs11cryptotoken.md" shared="false" uninstallMode="3"/>
<entry name="jre\bin\api-ms-win-crt-locale-l1-1-0.dll" shared="false" uninstallMode="3"/>
<entry name="api-0.12.0.jar" shared="false" uninstallMode="0"/>
<entry name=".install4j\i4j_extf_6_1l086o8_1ytw8nz.png" shared="false" uninstallMode="2"/>
<entry name="jre\legal\jdk.accessibility\ASSEMBLY_EXCEPTION" shared="false" uninstallMode="3"/>
<entry name="jre\legal\jdk.crypto.ec\ADDITIONAL_LICENSE_INFO" shared="false" uninstallMode="3"/>
<entry name="jre\bin\api-ms-win-core-string-l1-1-0.dll" shared="false" uninstallMode="3"/>
<entry name="bcutil-jdk18on-1.75.jar" shared="false" uninstallMode="0"/>
<entry name="jre\legal\java.xml\dom.md" shared="false" uninstallMode="3"/>
<entry name="jre\bin\management.dll" shared="false" uninstallMode="3"/>
<entry name="jre\bin\verify.dll" shared="false" uninstallMode="3"/>
<entry name="commons-validator-1.7.jar" shared="false" uninstallMode="0"/>
<entry name="jre\lib\tzdb.dat" shared="false" uninstallMode="3"/>
<entry name="reflections-0.10.2.jar" shared="false" uninstallMode="0"/>
<entry name="jackson-core-2.15.0.jar" shared="false" uninstallMode="0"/>
<entry name="micrometer-commons-1.10.7.jar" shared="false" uninstallMode="0"/>
<entry name="jre\legal\jdk.httpserver\LICENSE" shared="false" uninstallMode="3"/>
<entry name="jre\legal\java.security.sasl\ADDITIONAL_LICENSE_INFO" shared="false" uninstallMode="3"/>
<entry name="jetty-security-11.0.15.jar" shared="false" uninstallMode="0"/>
<entry name="tika-core-2.3.0.jar" shared="false" uninstallMode="0"/>
<entry name="jre\legal\jdk.attach\LICENSE" shared="false" uninstallMode="3"/>
<entry name="jre\lib\i386\server\classes.jsa" shared="false" uninstallMode="0"/>
<entry name="jre\legal\java.prefs\ADDITIONAL_LICENSE_INFO" shared="false" uninstallMode="3"/>
<entry name="xstream-1.4.20.jar" shared="false" uninstallMode="0"/>
<entry name="org.eclipse.equinox.bidi-1.5.0.v20240113-0700_3T20240319-180000.jar" shared="false" uninstallMode="0"/>
<entry name="jetty-jakarta-servlet-api-5.0.2.jar" shared="false" uninstallMode="0"/>
<entry name="jre\legal\jdk.internal.jvmstat\ASSEMBLY_EXCEPTION" shared="false" uninstallMode="3"/>
<entry name="jre\bin\jsound.dll" shared="false" uninstallMode="3"/>
<entry name="jre\legal\jdk.internal.jvmstat\LICENSE" shared="false" uninstallMode="3"/>
<entry name="icu4j-69.1.jar" shared="false" uninstallMode="0"/>
<entry name="jre\legal\java.se\ASSEMBLY_EXCEPTION" shared="false" uninstallMode="3"/>
<entry name="jna-5.11.0.jar" shared="false" uninstallMode="0"/>
<entry name="jre\bin\awt.dll" shared="false" uninstallMode="3"/>
<entry name="jre\bin\fontmanager.dll" shared="false" uninstallMode="3"/>
<entry name="js-21.3.0.jar" shared="false" uninstallMode="0"/>
<entry name="jackson-annotations-2.15.0.jar" shared="false" uninstallMode="0"/>
<entry name="jre\legal\java.desktop\colorimaging.md" shared="false" uninstallMode="3"/>
<entry name="jre\legal\java.sql\ADDITIONAL_LICENSE_INFO" shared="false" uninstallMode="3"/>
<entry name=".install4j\i4j_extf_7_1l086o8_x7nby6.png" shared="false" uninstallMode="2"/>
<entry name="jre\legal\jdk.localedata\ADDITIONAL_LICENSE_INFO" shared="false" uninstallMode="3"/>
<entry name="jre\bin\freetype.dll" shared="false" uninstallMode="3"/>
<entry name="jre\lib\psfontj2d.properties" shared="false" uninstallMode="3"/>
<entry name="slf4j-nop-2.0.7.jar" shared="false" uninstallMode="0"/>
<entry name="jre\bin\net.dll" shared="false" uninstallMode="3"/>
<entry name="jre\legal\java.desktop\lcms.md" shared="false" uninstallMode="3"/>
<entry name="jre\legal\java.instrument\ADDITIONAL_LICENSE_INFO" shared="false" uninstallMode="3"/>
<entry name="jre\legal\jdk.internal.le\ASSEMBLY_EXCEPTION" shared="false" uninstallMode="3"/>
<entry name=".install4j\i4j_extf_12_1l086o8_8hsri6.png" shared="false" uninstallMode="2"/>
<entry name="jre\legal\java.base\zlib.md" shared="false" uninstallMode="3"/>
<entry name="reactor-core-3.5.6.jar" shared="false" uninstallMode="0"/>
<entry name="jre\legal\jdk.jdwp.agent\ADDITIONAL_LICENSE_INFO" shared="false" uninstallMode="3"/>
<entry name="jre\legal\java.scripting\ADDITIONAL_LICENSE_INFO" shared="false" uninstallMode="3"/>
<entry name="jre\legal\java.compiler\ADDITIONAL_LICENSE_INFO" shared="false" uninstallMode="3"/>
<entry name="jakarta.xml.bind-api-2.3.3.jar" shared="false" uninstallMode="0"/>
<entry name="install4j-runtime-9.0.5.jar" shared="false" uninstallMode="0"/>
<entry name="jre\legal\jdk.security.jgss\LICENSE" shared="false" uninstallMode="3"/>
<entry name="jre\legal\java.security.jgss\LICENSE" shared="false" uninstallMode="3"/>
<entry name="jre\bin\keytool.exe" shared="false" uninstallMode="3"/>
<entry name="retrofit-2.9.0.jar" shared="false" uninstallMode="0"/>
<entry name="jre\legal\java.xml\jcup.md" shared="false" uninstallMode="3"/>
<entry name="jre\bin\api-ms-win-crt-runtime-l1-1-0.dll" shared="false" uninstallMode="3"/>
<entry name="jre\legal\java.sql\ASSEMBLY_EXCEPTION" shared="false" uninstallMode="3"/>
<entry name="jre\legal\jdk.jsobject\LICENSE" shared="false" uninstallMode="3"/>
<entry name="jre\legal\jdk.attach\ASSEMBLY_EXCEPTION" shared="false" uninstallMode="3"/>
<entry name="listenablefuture-9999.0-empty-to-avoid-conflict-with-guava.jar" shared="false" uninstallMode="0"/>
<entry name=".install4j\i4j_extf_5_1l086o8_180kawj.png" shared="false" uninstallMode="2"/>
<entry name="postgresql-42.7.2.jar" shared="false" uninstallMode="0"/>
<entry name="jre\include\win32\bridge\AccessBridgePackages.h" shared="false" uninstallMode="3"/>
<entry name="jre\legal\jdk.crypto.cryptoki\ADDITIONAL_LICENSE_INFO" shared="false" uninstallMode="3"/>
<entry name="spring-core-6.0.9.jar" shared="false" uninstallMode="0"/>
<entry name="jre\legal\java.naming\ASSEMBLY_EXCEPTION" shared="false" uninstallMode="3"/>
<entry name="jre\legal\jdk.jdwp.agent\ASSEMBLY_EXCEPTION" shared="false" uninstallMode="3"/>
<entry name="jre\legal\jdk.net\ADDITIONAL_LICENSE_INFO" shared="false" uninstallMode="3"/>
<entry name=".install4j\Restarter.exe" shared="false" uninstallMode="0"/>
<entry name="jre\legal\java.desktop\harfbuzz.md" shared="false" uninstallMode="3"/>
<entry name="jre\legal\jdk.zipfs\LICENSE" shared="false" uninstallMode="3"/>
<entry name="jre\bin\le.dll" shared="false" uninstallMode="3"/>
<entry name="jre\legal\jdk.dynalink\dynalink.md" shared="false" uninstallMode="3"/>
<entry name="antlr4-runtime-4.13.1.jar" shared="false" uninstallMode="0"/>
<entry name="jre\legal\java.desktop\LICENSE" shared="false" uninstallMode="3"/>
<entry name="jre\legal\jdk.internal.vm.compiler.management\LICENSE" shared="false" uninstallMode="3"/>
<entry name="converter-jackson-2.9.0.jar" shared="false" uninstallMode="0"/>
<entry name="org.osgi.service.prefs-1.1.2.202109301733_3T20240319-180000.jar" shared="false" uninstallMode="0"/>
<entry name="jre\bin\api-ms-win-crt-multibyte-l1-1-0.dll" shared="false" uninstallMode="3"/>
<entry name="jre\bin\api-ms-win-crt-utility-l1-1-0.dll" shared="false" uninstallMode="3"/>
<entry name="jre\legal\java.desktop\libpng.md" shared="false" uninstallMode="3"/>
<entry name="jre\legal\jdk.dynalink\ADDITIONAL_LICENSE_INFO" shared="false" uninstallMode="3"/>
<entry name="org.eclipse.jface.text-3.25.0.v20240207-1054_3T20240319-180000.jar" shared="false" uninstallMode="0"/>
<entry name="jre\bin\api-ms-win-core-processenvironment-l1-1-0.dll" shared="false" uninstallMode="3"/>
<entry name="jre\bin\api-ms-win-core-sysinfo-l1-1-0.dll" shared="false" uninstallMode="3"/>
<entry name=".install4j\MessagesDefault" shared="false" uninstallMode="2"/>
<entry name="jre\legal\jdk.management\ASSEMBLY_EXCEPTION" shared="false" uninstallMode="3"/>
<entry name="eddsa-0.3.0.jar" shared="false" uninstallMode="0"/>
<entry name="jre\include\jni.h" shared="false" uninstallMode="3"/>
<entry name="jre\legal\java.instrument\ASSEMBLY_EXCEPTION" shared="false" uninstallMode="3"/>
<entry name="jre\legal\jdk.xml.dom\LICENSE" shared="false" uninstallMode="3"/>
<entry name="jre\legal\java.management\ADDITIONAL_LICENSE_INFO" shared="false" uninstallMode="3"/>
<entry name="jre\legal\jdk.unsupported\LICENSE" shared="false" uninstallMode="3"/>
<entry name="jre\legal\jdk.charsets\ASSEMBLY_EXCEPTION" shared="false" uninstallMode="3"/>
<entry name="commons-logging-1.2.jar" shared="false" uninstallMode="0"/>
<entry name="jre\bin\j2pkcs11.dll" shared="false" uninstallMode="3"/>
<entry name=".install4j\i4j_extf_10_1l086o8_1xth8wx.png" shared="false" uninstallMode="2"/>
<entry name="org.eclipse.core.contenttype-3.9.300.v20231218-0909_3T20240319-180000.jar" shared="false" uninstallMode="0"/>
<entry name=".install4j\user.jar" shared="false" uninstallMode="2"/>
<entry name="jre\legal\java.instrument\LICENSE" shared="false" uninstallMode="3"/>
<entry name="jre\legal\java.management.rmi\ADDITIONAL_LICENSE_INFO" shared="false" uninstallMode="3"/>
<entry name="jre\legal\java.sql.rowset\LICENSE" shared="false" uninstallMode="3"/>
<entry name="jre\legal\jdk.internal.vm.ci\ASSEMBLY_EXCEPTION" shared="false" uninstallMode="3"/>
<entry name="jre\legal\jdk.jdwp.agent\LICENSE" shared="false" uninstallMode="3"/>
<entry name="jre\conf\security\policy\README.txt" shared="false" uninstallMode="3"/>
<entry name="jre\bin\jdwp.dll" shared="false" uninstallMode="3"/>
<entry name="jre\legal\java.rmi\ADDITIONAL_LICENSE_INFO" shared="false" uninstallMode="3"/>
<entry name="jre\legal\java.compiler\ASSEMBLY_EXCEPTION" shared="false" uninstallMode="3"/>
<entry name="jre\lib\jfr\default.jfc" shared="false" uninstallMode="3"/>
<entry name="jre\bin\ucrtbase.dll" shared="false" uninstallMode="3"/>
<entry name="org.eclipse.swt.win32.win32.x86_64-3.125.0.v20240227-1638_3T20240319-180000.jar" shared="false" uninstallMode="0"/>
<entry name="jre\legal\java.logging\LICENSE" shared="false" uninstallMode="3"/>
<entry name="jre\bin\jli.dll" shared="false" uninstallMode="3"/>
<entry name="okio-1.17.2.jar" shared="false" uninstallMode="0"/>
<entry name=".install4j\inst_jre.cfg" shared="false" uninstallMode="0"/>
<entry name="jre\legal\jdk.crypto.cryptoki\pkcs11wrapper.md" shared="false" uninstallMode="3"/>
<entry name="jre\legal\jdk.internal.ed\LICENSE" shared="false" uninstallMode="3"/>
<entry name=".install4j\i4jruntime.jar" shared="false" uninstallMode="2"/>
<entry name="jre\bin\api-ms-win-core-namedpipe-l1-1-0.dll" shared="false" uninstallMode="3"/>
<entry name="jre\include\win32\jni_md.h" shared="false" uninstallMode="3"/>
<entry name="jre\lib\amd64\server\classes.jsa" shared="false" uninstallMode="0"/>
<entry name="jre\legal\java.xml\bcel.md" shared="false" uninstallMode="3"/>
<entry name="jre\bin\api-ms-win-core-rtlsupport-l1-1-0.dll" shared="false" uninstallMode="3"/>
<entry name="tinylog-1.3.6.jar" shared="false" uninstallMode="0"/>
<entry name="fluent-hc-4.5.12.jar" shared="false" uninstallMode="0"/>
<entry name="driver-sync-4.7.2_3t.2023.03.10.1323.jar" shared="false" uninstallMode="0"/>
<entry name="t3-common-lic2-2.4.jar" shared="false" uninstallMode="0"/>
<entry name="jre\bin\api-ms-win-crt-conio-l1-1-0.dll" shared="false" uninstallMode="3"/>
<entry name="jre\legal\java.logging\ASSEMBLY_EXCEPTION" shared="false" uninstallMode="3"/>
<entry name="log4j-api-2.17.2.jar" shared="false" uninstallMode="0"/>
<entry name="google-http-client-1.36.0.jar" shared="false" uninstallMode="0"/>
<entry name="jre\legal\jdk.naming.dns\LICENSE" shared="false" uninstallMode="3"/>
<entry name="jre\conf\management\jmxremote.password.template" shared="false" uninstallMode="3"/>
<entry name="jre\legal\java.smartcardio\ADDITIONAL_LICENSE_INFO" shared="false" uninstallMode="3"/>
<entry name="jre\lib\classlist" shared="false" uninstallMode="3"/>
<entry name="jre\legal\java.smartcardio\LICENSE" shared="false" uninstallMode="3"/>
<entry name="jre\legal\jdk.internal.vm.compiler.management\ADDITIONAL_LICENSE_INFO" shared="false" uninstallMode="3"/>
<entry name=".install4j\response.varfile" shared="false" uninstallMode="0"/>
<entry name="jre\legal\java.base\ASSEMBLY_EXCEPTION" shared="false" uninstallMode="3"/>
<entry name="jre\bin\jimage.dll" shared="false" uninstallMode="3"/>
<entry name="commons-io-2.11.0.jar" shared="false" uninstallMode="0"/>
<entry name="jre\legal\java.scripting\ASSEMBLY_EXCEPTION" shared="false" uninstallMode="3"/>
<entry name="jre\legal\java.se\LICENSE" shared="false" uninstallMode="3"/>
<entry name="jre\legal\jdk.security.jgss\ASSEMBLY_EXCEPTION" shared="false" uninstallMode="3"/>
<entry name="jre\legal\jdk.security.auth\ADDITIONAL_LICENSE_INFO" shared="false" uninstallMode="3"/>
<entry name="jre\lib\jvm.cfg" shared="false" uninstallMode="3"/>
<entry name="jre\legal\jdk.localedata\ASSEMBLY_EXCEPTION" shared="false" uninstallMode="3"/>
<entry name="jre\legal\java.net.http\ADDITIONAL_LICENSE_INFO" shared="false" uninstallMode="3"/>
<entry name="jre\bin\msvcp140.dll" shared="false" uninstallMode="3"/>
<entry name="jre\legal\jdk.unsupported.desktop\LICENSE" shared="false" uninstallMode="3"/>
<entry name="jre\legal\jdk.internal.le\ADDITIONAL_LICENSE_INFO" shared="false" uninstallMode="3"/>
<entry name="javafx-base-17.0.2-win.jar" shared="false" uninstallMode="0"/>
<entry name="jre\bin\lcms.dll" shared="false" uninstallMode="3"/>
<entry name="jre\legal\java.net.http\LICENSE" shared="false" uninstallMode="3"/>
<entry name="jre\conf\security\policy\limited\default_local.policy" shared="false" uninstallMode="3"/>
<entry name="jre\legal\java.base\unicode.md" shared="false" uninstallMode="3"/>
<entry name="jre\legal\java.base\aes.md" shared="false" uninstallMode="3"/>
<entry name="jre\lib\modules" shared="false" uninstallMode="3"/>
<entry name="jre\bin\api-ms-win-core-file-l1-1-0.dll" shared="false" uninstallMode="3"/>
<entry name="jakarta.activation-api-1.2.2.jar" shared="false" uninstallMode="0"/>
<entry name="jre\legal\jdk.attach\ADDITIONAL_LICENSE_INFO" shared="false" uninstallMode="3"/>
<entry name="jetty-http-11.0.15.jar" shared="false" uninstallMode="0"/>
<entry name="jre\include\jawt.h" shared="false" uninstallMode="3"/>
<entry name="httpcore-4.4.13.jar" shared="false" uninstallMode="0"/>
<entry name="jre\lib\fontconfig.properties.src" shared="false" uninstallMode="3"/>
<entry name=".install4j\bgupdater.exe" shared="false" uninstallMode="0"/>
<entry name="jre\bin\j2gss.dll" shared="false" uninstallMode="3"/>
<entry name="jre\bin\attach.dll" shared="false" uninstallMode="3"/>
<entry name="jre\lib\security\public_suffix_list.dat" shared="false" uninstallMode="3"/>
<entry name="jetty-reactive-httpclient-3.0.8.jar" shared="false" uninstallMode="0"/>
<entry name="jre\legal\java.xml\xalan.md" shared="false" uninstallMode="3"/>
<entry name="driver-core-4.7.2_3t.2023.03.10.1323.jar" shared="false" uninstallMode="0"/>
<entry name="jre\bin\javaw.exe" shared="false" uninstallMode="3"/>
<entry name="jre\legal\java.prefs\LICENSE" shared="false" uninstallMode="3"/>
<entry name="httpclient-4.5.12.jar" shared="false" uninstallMode="0"/>
<entry name="jre\legal\java.logging\ADDITIONAL_LICENSE_INFO" shared="false" uninstallMode="3"/>
<entry name="commons-text-1.10.0.jar" shared="false" uninstallMode="0"/>
<entry name="jre\bin\vcruntime140_1.dll" shared="false" uninstallMode="3"/>
</createdFiles>
<createdDirs>
<entry name="jre\lib\security" shared="false" uninstallMode="3"/>
<entry name="jre\lib\jfr" shared="false" uninstallMode="3"/>
<entry name="jre\lib" shared="false" uninstallMode="3"/>
<entry name="jre\legal\jdk.zipfs" shared="false" uninstallMode="3"/>
<entry name="jre\legal\jdk.xml.dom" shared="false" uninstallMode="3"/>
<entry name="jre\legal\jdk.unsupported.desktop" shared="false" uninstallMode="3"/>
<entry name="jre\legal\jdk.unsupported" shared="false" uninstallMode="3"/>
<entry name="jre\legal\jdk.security.jgss" shared="false" uninstallMode="3"/>
<entry name="jre\legal\jdk.security.auth" shared="false" uninstallMode="3"/>
<entry name="jre\legal\jdk.sctp" shared="false" uninstallMode="3"/>
<entry name="jre\legal\jdk.net" shared="false" uninstallMode="3"/>
<entry name="jre\legal\jdk.naming.rmi" shared="false" uninstallMode="3"/>
<entry name="jre\legal\jdk.naming.dns" shared="false" uninstallMode="3"/>
<entry name="jre\legal\jdk.management.jfr" shared="false" uninstallMode="3"/>
<entry name="jre\legal\jdk.management.agent" shared="false" uninstallMode="3"/>
<entry name="jre\legal\jdk.management" shared="false" uninstallMode="3"/>
<entry name="jre\legal\jdk.localedata" shared="false" uninstallMode="3"/>
<entry name="jre\legal\jdk.jsobject" shared="false" uninstallMode="3"/>
<entry name="jre\legal\jdk.jfr" shared="false" uninstallMode="3"/>
<entry name="jre\legal\jdk.jdwp.agent" shared="false" uninstallMode="3"/>
<entry name="jre\legal\jdk.internal.vm.compiler.management" shared="false" uninstallMode="3"/>
<entry name="jre\legal\jdk.internal.vm.compiler" shared="false" uninstallMode="3"/>
<entry name="jre\legal\jdk.internal.vm.ci" shared="false" uninstallMode="3"/>
<entry name="jre\legal\jdk.internal.le" shared="false" uninstallMode="3"/>
<entry name="jre\legal\jdk.internal.jvmstat" shared="false" uninstallMode="3"/>
<entry name="jre\legal\jdk.internal.ed" shared="false" uninstallMode="3"/>
<entry name="jre\legal\jdk.httpserver" shared="false" uninstallMode="3"/>
<entry name="jre\legal\jdk.dynalink" shared="false" uninstallMode="3"/>
<entry name="jre\legal\jdk.crypto.mscapi" shared="false" uninstallMode="3"/>
<entry name="jre\legal\jdk.crypto.ec" shared="false" uninstallMode="3"/>
<entry name="jre\legal\jdk.crypto.cryptoki" shared="false" uninstallMode="3"/>
<entry name="jre\legal\jdk.charsets" shared="false" uninstallMode="3"/>
<entry name="jre\legal\jdk.attach" shared="false" uninstallMode="3"/>
<entry name="jre\legal\jdk.accessibility" shared="false" uninstallMode="3"/>
<entry name="jre\legal\java.xml.crypto" shared="false" uninstallMode="3"/>
<entry name="jre\legal\java.xml" shared="false" uninstallMode="3"/>
<entry name="jre\legal\java.transaction.xa" shared="false" uninstallMode="3"/>
<entry name="jre\legal\java.sql.rowset" shared="false" uninstallMode="3"/>
<entry name="jre\legal\java.sql" shared="false" uninstallMode="3"/>
<entry name="jre\legal\java.smartcardio" shared="false" uninstallMode="3"/>
<entry name="jre\legal\java.security.sasl" shared="false" uninstallMode="3"/>
<entry name="jre\legal\java.security.jgss" shared="false" uninstallMode="3"/>
<entry name="jre\legal\java.se" shared="false" uninstallMode="3"/>
<entry name="jre\legal\java.scripting" shared="false" uninstallMode="3"/>
<entry name="jre\legal\java.rmi" shared="false" uninstallMode="3"/>
<entry name="jre\legal\java.prefs" shared="false" uninstallMode="3"/>
<entry name="jre\legal\java.net.http" shared="false" uninstallMode="3"/>
<entry name="jre\legal\java.naming" shared="false" uninstallMode="3"/>
<entry name="jre\legal\java.management.rmi" shared="false" uninstallMode="3"/>
<entry name="jre\legal\java.management" shared="false" uninstallMode="3"/>
<entry name="jre\legal\java.logging" shared="false" uninstallMode="3"/>
<entry name="jre\legal\java.instrument" shared="false" uninstallMode="3"/>
<entry name="jre\legal\java.desktop" shared="false" uninstallMode="3"/>
<entry name="jre\legal\java.datatransfer" shared="false" uninstallMode="3"/>
<entry name="jre\legal\java.compiler" shared="false" uninstallMode="3"/>
<entry name="jre\legal\java.base" shared="false" uninstallMode="3"/>
<entry name="jre\legal" shared="false" uninstallMode="3"/>
<entry name="jre\include\win32\bridge" shared="false" uninstallMode="3"/>
<entry name="jre\include\win32" shared="false" uninstallMode="3"/>
<entry name="jre\include" shared="false" uninstallMode="3"/>
<entry name="jre\conf\security\policy\unlimited" shared="false" uninstallMode="3"/>
<entry name="jre\conf\security\policy\limited" shared="false" uninstallMode="3"/>
<entry name="jre\conf\security\policy" shared="false" uninstallMode="3"/>
<entry name="jre\conf\security" shared="false" uninstallMode="3"/>
<entry name="jre\conf\management" shared="false" uninstallMode="3"/>
<entry name="jre\conf" shared="false" uninstallMode="3"/>
<entry name="jre\bin\server" shared="false" uninstallMode="3"/>
<entry name="jre\bin" shared="false" uninstallMode="3"/>
<entry name="jre" shared="false" uninstallMode="3"/>
<entry name=".install4j\user" shared="false" uninstallMode="0"/>
<entry name=".install4j" shared="false" uninstallMode="0"/>
<entry name="." shared="false" uninstallMode="0"/>
<entry name="C:\ProgramData\Microsoft\Windows\Start Menu\Programs\Studio 3T" shared="false" uninstallMode="0"/>
</createdDirs>
</fileLog>
